[DEBUG][2019-10-16 09:37:22][BaseJdbcLogger.java:143] - ==> Parameters: 1(Integer)
[DEBUG][2019-10-16 09:37:22][BaseJdbcLogger.java:143] - <==      Total: 2
[DEBUG][2019-10-16 09:37:22][BaseJdbcLogger.java:143] - ==>  Preparing: select p.* from role_permission r_p left join table_role r on r_p.rid=r.rid left join table_permission p on r_p.pid=p.pid LEFT JOIN user_role u_r ON r.rid = u_r.rid WHERE u_r.uid=? 
[DEBUG][2019-10-16 09:37:22][BaseJdbcLogger.java:143] - ==> Parameters: 1(Integer)
[DEBUG][2019-10-16 09:37:22][BaseJdbcLogger.java:143] - <==      Total: 6
[DEBUG][2019-10-16 09:37:23][BaseJdbcLogger.java:143] - ==>  Preparing: SELECT count(0) FROM table_user WHERE 1 = 1 
[DEBUG][2019-10-16 09:37:23][BaseJdbcLogger.java:143] - ==> Parameters: 
[DEBUG][2019-10-16 09:37:23][BaseJdbcLogger.java:143] - <==      Total: 1
[DEBUG][2019-10-16 09:37:23][BaseJdbcLogger.java:143] - ==>  Preparing: select User_Id, Login_Name, Login_Password, Gender, Contact_phone, Contact_Email, User_Name, Birthday, Contact_address, Post_Code, Register_Time, User_Status, Province, Last_Modefy_Time from table_user where 1=1 LIMIT ? 
[DEBUG][2019-10-16 09:37:23][BaseJdbcLogger.java:143] - ==> Parameters: 10(Integer)
[DEBUG][2019-10-16 09:37:23][BaseJdbcLogger.java:143] - <==      Total: 10
[DEBUG][2019-10-16 09:37:27][BaseJdbcLogger.java:143] - ==>  Preparing: SELECT count(0) FROM table_user WHERE 1 = 1 
[DEBUG][2019-10-16 09:37:27][BaseJdbcLogger.java:143] - ==> Parameters: 
[DEBUG][2019-10-16 09:37:27][BaseJdbcLogger.java:143] - <==      Total: 1
[DEBUG][2019-10-16 09:37:27][BaseJdbcLogger.java:143] - ==>  Preparing: select User_Id, Login_Name, Login_Password, Gender, Contact_phone, Contact_Email, User_Name, Birthday, Contact_address, Post_Code, Register_Time, User_Status, Province, Last_Modefy_Time from table_user where 1=1 LIMIT ? 
[DEBUG][2019-10-16 09:37:27][BaseJdbcLogger.java:143] - ==> Parameters: 5(Integer)
[DEBUG][2019-10-16 09:37:27][BaseJdbcLogger.java:143] - <==      Total: 5
[DEBUG][2019-10-16 09:37:43][BaseJdbcLogger.java:143] - ==>  Preparing: SELECT count(0) FROM table_user WHERE 1 = 1 
[DEBUG][2019-10-16 09:37:43][BaseJdbcLogger.java:143] - ==> Parameters: 
[DEBUG][2019-10-16 09:37:43][BaseJdbcLogger.java:143] - <==      Total: 1
[DEBUG][2019-10-16 09:37:43][BaseJdbcLogger.java:143] - ==>  Preparing: select User_Id, Login_Name, Login_Password, Gender, Contact_phone, Contact_Email, User_Name, Birthday, Contact_address, Post_Code, Register_Time, User_Status, Province, Last_Modefy_Time from table_user where 1=1 LIMIT ? 
[DEBUG][2019-10-16 09:37:43][BaseJdbcLogger.java:143] - ==> Parameters: 5(Integer)
[DEBUG][2019-10-16 09:37:43][BaseJdbcLogger.java:143] - <==      Total: 5
[DEBUG][2019-10-16 09:37:43][BaseJdbcLogger.java:143] - ==>  Preparing: select User_Id, Login_Name, Login_Password, Gender, Contact_phone, Contact_Email, User_Name, Birthday, Contact_address, Post_Code, Register_Time, User_Status, Province, Last_Modefy_Time from table_user where User_Id = ? 
[DEBUG][2019-10-16 09:37:43][BaseJdbcLogger.java:143] - ==> Parameters: 1(Integer)
