[DEBUG][2019-10-16 09:28:31][BaseJdbcLogger.java:143] - ==> Parameters: 5(Integer)
[DEBUG][2019-10-16 09:28:31][BaseJdbcLogger.java:143] - <==      Total: 5
[DEBUG][2019-10-16 09:30:16][BaseJdbcLogger.java:143] - ==>  Preparing: SELECT count(0) FROM table_user WHERE 1 = 1 
[DEBUG][2019-10-16 09:30:16][BaseJdbcLogger.java:143] - ==> Parameters: 
[DEBUG][2019-10-16 09:30:16][BaseJdbcLogger.java:143] - <==      Total: 1
[DEBUG][2019-10-16 09:30:16][BaseJdbcLogger.java:143] - ==>  Preparing: select User_Id, Login_Name, Login_Password, Gender, Contact_phone, Contact_Email, User_Name, Birthday, Contact_address, Post_Code, Register_Time, User_Status, Province, Last_Modefy_Time from table_user where 1=1 LIMIT ? 
[DEBUG][2019-10-16 09:30:16][BaseJdbcLogger.java:143] - ==> Parameters: 5(Integer)
[DEBUG][2019-10-16 09:30:16][BaseJdbcLogger.java:143] - <==      Total: 5
[DEBUG][2019-10-16 09:30:53][BaseJdbcLogger.java:143] - ==>  Preparing: SELECT count(0) FROM table_user WHERE 1 = 1 
[DEBUG][2019-10-16 09:30:53][BaseJdbcLogger.java:143] - ==> Parameters: 
[DEBUG][2019-10-16 09:30:53][BaseJdbcLogger.java:143] - <==      Total: 1
[DEBUG][2019-10-16 09:30:53][BaseJdbcLogger.java:143] - ==>  Preparing: select User_Id, Login_Name, Login_Password, Gender, Contact_phone, Contact_Email, User_Name, Birthday, Contact_address, Post_Code, Register_Time, User_Status, Province, Last_Modefy_Time from table_user where 1=1 LIMIT ? 
[DEBUG][2019-10-16 09:30:53][BaseJdbcLogger.java:143] - ==> Parameters: 5(Integer)
[DEBUG][2019-10-16 09:30:53][BaseJdbcLogger.java:143] - <==      Total: 5
[DEBUG][2019-10-16 09:31:42][BaseJdbcLogger.java:143] - ==>  Preparing: SELECT count(0) FROM table_user WHERE 1 = 1 
[DEBUG][2019-10-16 09:31:42][BaseJdbcLogger.java:143] - ==> Parameters: 
[DEBUG][2019-10-16 09:31:42][BaseJdbcLogger.java:143] - <==      Total: 1
[DEBUG][2019-10-16 09:31:42][BaseJdbcLogger.java:143] - ==>  Preparing: select User_Id, Login_Name, Login_Password, Gender, Contact_phone, Contact_Email, User_Name, Birthday, Contact_address, Post_Code, Register_Time, User_Status, Province, Last_Modefy_Time from table_user where 1=1 LIMIT ? 
[DEBUG][2019-10-16 09:31:42][BaseJdbcLogger.java:143] - ==> Parameters: 5(Integer)
[DEBUG][2019-10-16 09:31:42][BaseJdbcLogger.java:143] - <==      Total: 5
[DEBUG][2019-10-16 09:34:56][BaseJdbcLogger.java:143] - ==>  Preparing: SELECT count(0) FROM table_user WHERE 1 = 1 
[DEBUG][2019-10-16 09:34:56][BaseJdbcLogger.java:143] - ==> Parameters: 
[DEBUG][2019-10-16 09:34:56][BaseJdbcLogger.java:143] - <==      Total: 1
[DEBUG][2019-10-16 09:34:56][BaseJdbcLogger.java:143] - ==>  Preparing: select User_Id, Login_Name, Login_Password, Gender, Contact_phone, Contact_Email, User_Name, Birthday, Contact_address, Post_Code, Register_Time, User_Status, Province, Last_Modefy_Time from table_user where 1=1 LIMIT ? 
[DEBUG][2019-10-16 09:34:56][BaseJdbcLogger.java:143] - ==> Parameters: 5(Integer)
[DEBUG][2019-10-16 09:34:56][BaseJdbcLogger.java:143] - <==      Total: 5
[DEBUG][2019-10-16 09:35:22][BaseJdbcLogger.java:143] - ==>  Preparing: SELECT count(0) FROM table_user WHERE 1 = 1 
